<?xml version='1.0' encoding='utf-8'?>
<testsuites tests="6" failures="1" errors="0" skipped="0" time="2.153"><testsuite name="Root Suite" timestamp="2023-02-09T18:52:58" tests="0" file="cypress\e2e\code_first\todo_interactions.cy.js" time="0" failures="0" errors="0" skipped="0">
  </testsuite>
  <testsuite name="[interactions] example to-do app" timestamp="2023-02-09T18:52:58" tests="2" time="1.053" failures="0" errors="0" skipped="0">
    <testcase name="[interactions] example to-do app can add new todo items" time="0.784" classname="can add new todo items">
    </testcase>
    <testcase name="[interactions] example to-do app can check off an item as completed" time="0.269" classname="can check off an item as completed">
    </testcase>
  </testsuite>
  <testsuite name="with a checked task" timestamp="2023-02-09T18:53:01" tests="3" time="0.612" failures="1" errors="0" skipped="0">
    <testcase name="[interactions] example to-do app with a checked task can filter for uncompleted tasks" time="0.301" classname="can filter for uncompleted tasks">
    </testcase>
    <testcase name="[interactions] example to-do app with a checked task can filter for completed tasks" time="0.311" classname="can filter for completed tasks">
    </testcase>
    <testcase name="[interactions] example to-do app with a checked task can delete all completed tasks" time="0.000" classname="can delete all completed tasks">
      <failure message="Timed out retrying after 4000ms: Not enough elements found. Found '1', expected '2'." type="AssertionError">AssertionError: Timed out retrying after 4000ms: Not enough elements found. Found '1', expected '2'.
    at Context.eval (webpack:///./cypress/e2e/code_first/todo_interactions.cy.js:57:9)

      + expected - actual

      -1
      +2
      </failure>
    </testcase>
  </testsuite>
<testsuite name="Root Suite" timestamp="2023-02-09T18:53:09" tests="0" file="cypress\e2e\code_first\todo_smoke.cy.js" time="0" failures="0" errors="0" skipped="0">
  </testsuite>
  <testsuite name="[smoke] example to-do app" timestamp="2023-02-09T18:53:09" tests="1" time="0.488" failures="0" errors="0" skipped="0">
    <testcase name="[smoke] example to-do app displays two todo items by default" time="0.488" classname="displays two todo items by default">
    </testcase>
  </testsuite>
</testsuites>